<?xml version="1.0" encoding="UTF-8"?>
<!-- Generated by org.testng.reporters.JUnitXMLReporter -->
<testsuite ignored="0" hostname="DESKTOP-19AF430" failures="0" tests="5" name="Menu , popup, links and new employee" time="159.894" errors="0" timestamp="2023-10-24T06:22:36 IST">
  <testcase classname="Test.CREATENEWEMPLOYEE" name="testCreateEmployeewithallfileds" time="6.008"/>
  <testcase classname="Test.CREATENEWEMPLOYEE" name="testCreateEmployeewithoutnameandnumber" time="10.165"/>
  <testcase classname="Test.MoreTest" name="moremenuopetaions" time="37.362"/>
  <testcase classname="Test.POPUPtest" name="popupopetaions" time="19.254"/>
  <testcase classname="Test.Linkstest" name="Links" time="45.026"/>
</testsuite> <!-- Menu , popup, links and new employee -->
