<?xml version="1.0" encoding="UTF-8"?>
<testng-results ignored="0" total="1" passed="1" failed="0" skipped="0">
  <reporter-output>
  </reporter-output>
  <suite started-at="2023-10-24T06:22:55 IST" name="Default suite" finished-at="2023-10-24T06:23:39 IST" duration-ms="44508">
    <groups>
    </groups>
    <test started-at="2023-10-24T06:22:55 IST" name="Default test" finished-at="2023-10-24T06:23:39 IST" duration-ms="44508">
      <class name="Test.MoreTest">
        <test-method is-config="true" signature="setup()[pri:0, instance:Test.MoreTest@4f6ee6e4]" started-at="2023-10-24T06:22:55 IST" name="setup" finished-at="2023-10-24T06:23:01 IST" duration-ms="6445" status="PASS">
          <reporter-output>
          </reporter-output>
        </test-method> <!-- setup -->
        <test-method signature="moremenuopetaions()[pri:0, instance:Test.MoreTest@4f6ee6e4]" started-at="2023-10-24T06:23:01 IST" name="moremenuopetaions" finished-at="2023-10-24T06:23:39 IST" duration-ms="37447" status="PASS">
          <reporter-output>
          </reporter-output>
        </test-method> <!-- moremenuopetaions -->
        <test-method is-config="true" signature="tearDown()[pri:0, instance:Test.MoreTest@4f6ee6e4]" started-at="2023-10-24T06:23:39 IST" name="tearDown" finished-at="2023-10-24T06:23:39 IST" duration-ms="552" status="PASS">
          <reporter-output>
          </reporter-output>
        </test-method> <!-- tearDown -->
      </class> <!-- Test.MoreTest -->
    </test> <!-- Default test -->
  </suite> <!-- Default suite -->
</testng-results>
